<?xml version="1.0" encoding="UTF-8"?>
<!-- Generated by org.testng.reporters.JUnitReportReporter -->
<testsuite skipped="0" hostname="CPX-YM7D1VX672I" name="com.TesttingSite.Automation.AppTest" tests="4" failures="0" timestamp="2021-03-25T01:33:40 ART" time="53.729" errors="0">
  <testcase name="test2" time="12.620" classname="com.TesttingSite.Automation.AppTest"/>
  <system-out/>
  <testcase name="test1" time="14.078" classname="com.TesttingSite.Automation.AppTest"/>
  <system-out/>
  <testcase name="test1" time="13.029" classname="com.TesttingSite.Automation.AppTest"/>
  <system-out/>
  <testcase name="test2" time="14.002" classname="com.TesttingSite.Automation.AppTest"/>
  <system-out/>
</testsuite> <!-- com.TesttingSite.Automation.AppTest -->
